<?xml version="1.0" encoding="UTF-8"?>
<!-- Generated by org.testng.reporters.JUnitReportReporter -->
<testsuite hostname="UNVII" failures="0" tests="1" name="Qtv.TestCase" time="19.732" errors="0" timestamp="2025-07-23T18:14:45 IST" skipped="0">
  <testcase classname="Qtv.TestCase" name="viewAllTest" time="19.732"/>
  <system-out/>
</testsuite> <!-- Qtv.TestCase -->
